<?xml version="1.0" encoding="UTF-8"?>
<!-- Generated by org.testng.reporters.JUnitXMLReporter -->
<testsuite hostname="ATMECSINLT-044" ignored="0" name="Default test" tests="5" failures="0" timestamp="12 Sep 2019 14:25:16 GMT" time="92.058" errors="0">
  <testcase name="signUp" time="9.516" classname="com.atmecs.phptravels.tests.PhpTravels_signUp"/>
  <testcase name="signUp" time="9.459" classname="com.atmecs.phptravels.tests.PhpTravels_signUp"/>
  <testcase name="signUp" time="9.418" classname="com.atmecs.phptravels.tests.PhpTravels_signUp"/>
  <testcase name="signUp" time="9.426" classname="com.atmecs.phptravels.tests.PhpTravels_signUp"/>
  <testcase name="signUp" time="9.358" classname="com.atmecs.phptravels.tests.PhpTravels_signUp"/>
</testsuite> <!-- Default test -->
